0 info it worked if it ends with ok
1 verbose cli [ 'C:\\Program Files\\nodejs\\node.exe',
1 verbose cli   'C:\\Program Files\\nodejs\\node_modules\\npm\\bin\\npm-cli.js',
1 verbose cli   'install',
1 verbose cli   'agular-ui-router' ]
2 info using npm@2.14.7
3 info using node@v4.2.2
4 verbose install initial load of C:\Users\Pazka\Dropbox\IUT\S4\W4a\W4a\TP4_STATEWEATHER\server\package.json
5 verbose installManyTop reading scoped package data from C:\Users\Pazka\Dropbox\IUT\S4\W4a\W4a\TP4_STATEWEATHER\server\node_modules\body-parser\package.json
6 verbose installManyTop reading scoped package data from C:\Users\Pazka\Dropbox\IUT\S4\W4a\W4a\TP4_STATEWEATHER\server\node_modules\express\package.json
7 verbose installManyTop reading scoped package data from C:\Users\Pazka\Dropbox\IUT\S4\W4a\W4a\TP4_STATEWEATHER\server\node_modules\node-persist\package.json
8 verbose installManyTop reading scoped package data from C:\Users\Pazka\Dropbox\IUT\S4\W4a\W4a\TP4_STATEWEATHER\server\node_modules\socket.io\package.json
9 verbose installManyTop reading scoped package data from C:\Users\Pazka\Dropbox\IUT\S4\W4a\W4a\TP4_STATEWEATHER\server\node_modules\swig\package.json
10 info package.json node-persist@0.0.8 license should be a valid SPDX license expression
11 info package.json socket.io@1.3.7 No license field.
12 verbose readDependencies loading dependencies from C:\Users\Pazka\Dropbox\IUT\S4\W4a\W4a\TP4_STATEWEATHER\server\package.json
13 silly cache add args [ 'agular-ui-router', null ]
14 verbose cache add spec agular-ui-router
15 silly cache add parsed spec Result {
15 silly cache add   raw: 'agular-ui-router',
15 silly cache add   scope: null,
15 silly cache add   name: 'agular-ui-router',
15 silly cache add   rawSpec: '',
15 silly cache add   spec: '*',
15 silly cache add   type: 'range' }
16 silly addNamed agular-ui-router@*
17 verbose addNamed "*" is a valid semver range for agular-ui-router
18 silly addNameRange { name: 'agular-ui-router', range: '*', hasData: false }
19 silly mapToRegistry name agular-ui-router
20 silly mapToRegistry using default registry
21 silly mapToRegistry registry https://registry.npmjs.org/
22 silly mapToRegistry uri https://registry.npmjs.org/agular-ui-router
23 verbose addNameRange registry:https://registry.npmjs.org/agular-ui-router not in flight; fetching
24 verbose request uri https://registry.npmjs.org/agular-ui-router
25 verbose request no auth needed
26 info attempt registry request try #1 at 12:58:30
27 verbose request id fa2c2656269bae2e
28 http request GET https://registry.npmjs.org/agular-ui-router
29 http 404 https://registry.npmjs.org/agular-ui-router
30 verbose headers { 'content-type': 'application/json',
30 verbose headers   'cache-control': 'max-age=0',
30 verbose headers   'content-length': '2',
30 verbose headers   'accept-ranges': 'bytes',
30 verbose headers   date: 'Mon, 29 Feb 2016 11:58:31 GMT',
30 verbose headers   via: '1.1 varnish',
30 verbose headers   age: '0',
30 verbose headers   connection: 'keep-alive',
30 verbose headers   'x-served-by': 'cache-ams4132-AMS',
30 verbose headers   'x-cache': 'MISS',
30 verbose headers   'x-cache-hits': '0',
30 verbose headers   'x-timer': 'S1456747111.337125,VS0,VE401' }
31 silly get cb [ 404,
31 silly get   { 'content-type': 'application/json',
31 silly get     'cache-control': 'max-age=0',
31 silly get     'content-length': '2',
31 silly get     'accept-ranges': 'bytes',
31 silly get     date: 'Mon, 29 Feb 2016 11:58:31 GMT',
31 silly get     via: '1.1 varnish',
31 silly get     age: '0',
31 silly get     connection: 'keep-alive',
31 silly get     'x-served-by': 'cache-ams4132-AMS',
31 silly get     'x-cache': 'MISS',
31 silly get     'x-cache-hits': '0',
31 silly get     'x-timer': 'S1456747111.337125,VS0,VE401' } ]
32 verbose stack Error: Registry returned 404 for GET on https://registry.npmjs.org/agular-ui-router
32 verbose stack     at makeError (C:\Program Files\nodejs\node_modules\npm\node_modules\npm-registry-client\lib\request.js:264:12)
32 verbose stack     at CachingRegistryClient.<anonymous> (C:\Program Files\nodejs\node_modules\npm\node_modules\npm-registry-client\lib\request.js:242:14)
32 verbose stack     at Request._callback (C:\Program Files\nodejs\node_modules\npm\node_modules\npm-registry-client\lib\request.js:172:14)
32 verbose stack     at Request.self.callback (C:\Program Files\nodejs\node_modules\npm\node_modules\request\request.js:198:22)
32 verbose stack     at emitTwo (events.js:87:13)
32 verbose stack     at Request.emit (events.js:172:7)
32 verbose stack     at Request.<anonymous> (C:\Program Files\nodejs\node_modules\npm\node_modules\request\request.js:1063:14)
32 verbose stack     at emitOne (events.js:82:20)
32 verbose stack     at Request.emit (events.js:169:7)
32 verbose stack     at IncomingMessage.<anonymous> (C:\Program Files\nodejs\node_modules\npm\node_modules\request\request.js:1009:12)
33 verbose statusCode 404
34 verbose pkgid agular-ui-router
35 verbose cwd C:\Users\Pazka\Dropbox\IUT\S4\W4a\W4a\TP4_STATEWEATHER\server
36 error Windows_NT 10.0.10586
37 error argv "C:\\Program Files\\nodejs\\node.exe" "C:\\Program Files\\nodejs\\node_modules\\npm\\bin\\npm-cli.js" "install" "agular-ui-router"
38 error node v4.2.2
39 error npm  v2.14.7
40 error code E404
41 error 404 Registry returned 404 for GET on https://registry.npmjs.org/agular-ui-router
41 error 404
41 error 404 'agular-ui-router' is not in the npm registry.
41 error 404 You should bug the author to publish it (or use the name yourself!)
41 error 404
41 error 404 Note that you can also install from a
41 error 404 tarball, folder, http url, or git url.
42 verbose exit [ 1, true ]
